<?xml version="1.0" encoding="UTF-8"?>
<!-- Generated by org.testng.reporters.JUnitXMLReporter -->
<testsuite ignored="0" hostname="idea-PC" failures="0" tests="6" name="Default test" time="8.955" errors="0" timestamp="2021-09-25T19:33:17 IST">
  <testcase classname="com.dc.qa.RestAPI.getListUsers" name="getListofUsers" time="4.798"/>
  <testcase classname="com.dc.qa.RestAPI.getListUsers" name="postCreateUsers" time="0.592"/>
  <testcase classname="com.dc.qa.RestAPI.getListUsers" name="postCreateUsers" time="0.53"/>
  <testcase classname="com.dc.qa.RestAPI.getListUsers" name="postCreateUsers" time="0.517"/>
  <testcase classname="com.dc.qa.RestAPI.getListUsers" name="putUser" time="0.52"/>
  <testcase classname="com.dc.qa.RestAPI.getListUsers" name="deleteUsers" time="0.512"/>
</testsuite> <!-- Default test -->
