<?xml version="1.0" encoding="UTF-8"?>
<!-- Generated by org.testng.reporters.JUnitXMLReporter -->
<testsuite ignored="0" hostname="idea-PC" failures="0" tests="6" name="Test" time="11.186" errors="0" timestamp="2021-09-24T22:02:04 IST">
  <testcase classname="com.dc.qa.RestAPI.getListUsers" name="getListofUsers" time="4.112"/>
  <testcase classname="com.dc.qa.RestAPI.getListUsers" name="postCreateUsers" time="1.413"/>
  <testcase classname="com.dc.qa.RestAPI.getListUsers" name="postCreateUsers" time="1.273"/>
  <testcase classname="com.dc.qa.RestAPI.getListUsers" name="postCreateUsers" time="1.218"/>
  <testcase classname="com.dc.qa.RestAPI.getListUsers" name="putUser" time="1.127"/>
  <testcase classname="com.dc.qa.RestAPI.getListUsers" name="deleteUsers" time="1.153"/>
</testsuite> <!-- Test -->
